<?xml version="1.0" encoding="UTF-8"?>
<testsuite xmlns:xsi="http://www.w3.org/2001/XMLSchema-instance" xsi:noNamespaceSchemaLocation="https://maven.apache.org/surefire/maven-surefire-plugin/xsd/surefire-test-report.xsd" version="3.0.2" name="com.devsuperior.dsmovie.DsmovieApplicationTests" time="5.641" tests="1" errors="0" skipped="0" failures="0">
  <properties>
    <property name="java.specification.version" value="21"/>
    <property name="sun.jnu.encoding" value="UTF-8"/>
    <property name="java.class.path" value="/home/andrade/Desktop/desafio-dsmovie-jacoco/target/test-classes:/home/andrade/Desktop/desafio-dsmovie-jacoco/target/classes:/home/andrade/.m2/repository/org/springframework/boot/spring-boot-starter-web/3.4.4/spring-boot-starter-web-3.4.4.jar:/home/andrade/.m2/repository/org/springframework/boot/spring-boot-starter/3.4.4/spring-boot-starter-3.4.4.jar:/home/andrade/.m2/repository/org/springframework/boot/spring-boot/3.4.4/spring-boot-3.4.4.jar:/home/andrade/.m2/repository/org/springframework/boot/spring-boot-autoconfigure/3.4.4/spring-boot-autoconfigure-3.4.4.jar:/home/andrade/.m2/repository/org/springframework/boot/spring-boot-starter-logging/3.4.4/spring-boot-starter-logging-3.4.4.jar:/home/andrade/.m2/repository/ch/qos/logback/logback-classic/1.5.18/logback-classic-1.5.18.jar:/home/andrade/.m2/repository/ch/qos/logback/logback-core/1.5.18/logback-core-1.5.18.jar:/home/andrade/.m2/repository/org/apache/logging/log4j/log4j-to-slf4j/2.24.3/log4j-to-slf4j-2.24.3.jar:/home/andrade/.m2/repository/org/apache/logging/log4j/log4j-api/2.24.3/log4j-api-2.24.3.jar:/home/andrade/.m2/repository/org/slf4j/jul-to-slf4j/2.0.17/jul-to-slf4j-2.0.17.jar:/home/andrade/.m2/repository/jakarta/annotation/jakarta.annotation-api/2.1.1/jakarta.annotation-api-2.1.1.jar:/home/andrade/.m2/repository/org/yaml/snakeyaml/2.3/snakeyaml-2.3.jar:/home/andrade/.m2/repository/org/springframework/boot/spring-boot-starter-json/3.4.4/spring-boot-starter-json-3.4.4.jar:/home/andrade/.m2/repository/com/fasterxml/jackson/datatype/jackson-datatype-jdk8/2.18.3/jackson-datatype-jdk8-2.18.3.jar:/home/andrade/.m2/repository/com/fasterxml/jackson/datatype/jackson-datatype-jsr310/2.18.3/jackson-datatype-jsr310-2.18.3.jar:/home/andrade/.m2/repository/com/fasterxml/jackson/module/jackson-module-parameter-names/2.18.3/jackson-module-parameter-names-2.18.3.jar:/home/andrade/.m2/repository/org/springframework/boot/spring-boot-starter-tomcat/3.4.4/spring-boot-starter-tomcat-3.4.4.jar:/home/andrade/.m2/repository/org/apache/tomcat/embed/tomcat-embed-core/10.1.39/tomcat-embed-core-10.1.39.jar:/home/andrade/.m2/repository/org/apache/tomcat/embed/tomcat-embed-websocket/10.1.39/tomcat-embed-websocket-10.1.39.jar:/home/andrade/.m2/repository/org/springframework/spring-web/6.2.5/spring-web-6.2.5.jar:/home/andrade/.m2/repository/org/springframework/spring-beans/6.2.5/spring-beans-6.2.5.jar:/home/andrade/.m2/repository/io/micrometer/micrometer-observation/1.14.5/micrometer-observation-1.14.5.jar:/home/andrade/.m2/repository/io/micrometer/micrometer-commons/1.14.5/micrometer-commons-1.14.5.jar:/home/andrade/.m2/repository/org/springframework/spring-webmvc/6.2.5/spring-webmvc-6.2.5.jar:/home/andrade/.m2/repository/org/springframework/spring-context/6.2.5/spring-context-6.2.5.jar:/home/andrade/.m2/repository/org/springframework/spring-expression/6.2.5/spring-expression-6.2.5.jar:/home/andrade/.m2/repository/org/springframework/boot/spring-boot-starter-test/3.4.4/spring-boot-starter-test-3.4.4.jar:/home/andrade/.m2/repository/org/springframework/boot/spring-boot-test/3.4.4/spring-boot-test-3.4.4.jar:/home/andrade/.m2/repository/org/springframework/boot/spring-boot-test-autoconfigure/3.4.4/spring-boot-test-autoconfigure-3.4.4.jar:/home/andrade/.m2/repository/com/jayway/jsonpath/json-path/2.9.0/json-path-2.9.0.jar:/home/andrade/.m2/repository/org/slf4j/slf4j-api/2.0.17/slf4j-api-2.0.17.jar:/home/andrade/.m2/repository/jakarta/xml/bind/jakarta.xml.bind-api/4.0.2/jakarta.xml.bind-api-4.0.2.jar:/home/andrade/.m2/repository/jakarta/activation/jakarta.activation-api/2.1.3/jakarta.activation-api-2.1.3.jar:/home/andrade/.m2/repository/net/minidev/json-smart/2.5.2/json-smart-2.5.2.jar:/home/andrade/.m2/repository/net/minidev/accessors-smart/2.5.2/accessors-smart-2.5.2.jar:/home/andrade/.m2/repository/org/ow2/asm/asm/9.7.1/asm-9.7.1.jar:/home/andrade/.m2/repository/org/assertj/assertj-core/3.26.3/assertj-core-3.26.3.jar:/home/andrade/.m2/repository/net/bytebuddy/byte-buddy/1.15.11/byte-buddy-1.15.11.jar:/home/andrade/.m2/repository/org/awaitility/awaitility/4.2.2/awaitility-4.2.2.jar:/home/andrade/.m2/repository/org/hamcrest/hamcrest/2.2/hamcrest-2.2.jar:/home/andrade/.m2/repository/org/junit/jupiter/junit-jupiter/5.11.4/junit-jupiter-5.11.4.jar:/home/andrade/.m2/repository/org/junit/jupiter/junit-jupiter-api/5.11.4/junit-jupiter-api-5.11.4.jar:/home/andrade/.m2/repository/org/opentest4j/opentest4j/1.3.0/opentest4j-1.3.0.jar:/home/andrade/.m2/repository/org/junit/platform/junit-platform-commons/1.11.4/junit-platform-commons-1.11.4.jar:/home/andrade/.m2/repository/org/apiguardian/apiguardian-api/1.1.2/apiguardian-api-1.1.2.jar:/home/andrade/.m2/repository/org/junit/jupiter/junit-jupiter-params/5.11.4/junit-jupiter-params-5.11.4.jar:/home/andrade/.m2/repository/org/junit/jupiter/junit-jupiter-engine/5.11.4/junit-jupiter-engine-5.11.4.jar:/home/andrade/.m2/repository/org/junit/platform/junit-platform-engine/1.11.4/junit-platform-engine-1.11.4.jar:/home/andrade/.m2/repository/org/mockito/mockito-core/5.14.2/mockito-core-5.14.2.jar:/home/andrade/.m2/repository/net/bytebuddy/byte-buddy-agent/1.15.11/byte-buddy-agent-1.15.11.jar:/home/andrade/.m2/repository/org/objenesis/objenesis/3.3/objenesis-3.3.jar:/home/andrade/.m2/repository/org/mockito/mockito-junit-jupiter/5.14.2/mockito-junit-jupiter-5.14.2.jar:/home/andrade/.m2/repository/org/skyscreamer/jsonassert/1.5.3/jsonassert-1.5.3.jar:/home/andrade/.m2/repository/com/vaadin/external/google/android-json/0.0.20131108.vaadin1/android-json-0.0.20131108.vaadin1.jar:/home/andrade/.m2/repository/org/springframework/spring-core/6.2.5/spring-core-6.2.5.jar:/home/andrade/.m2/repository/org/springframework/spring-jcl/6.2.5/spring-jcl-6.2.5.jar:/home/andrade/.m2/repository/org/springframework/spring-test/6.2.5/spring-test-6.2.5.jar:/home/andrade/.m2/repository/org/xmlunit/xmlunit-core/2.10.0/xmlunit-core-2.10.0.jar:/home/andrade/.m2/repository/org/springframework/boot/spring-boot-starter-data-jpa/3.4.4/spring-boot-starter-data-jpa-3.4.4.jar:/home/andrade/.m2/repository/org/springframework/boot/spring-boot-starter-jdbc/3.4.4/spring-boot-starter-jdbc-3.4.4.jar:/home/andrade/.m2/repository/com/zaxxer/HikariCP/5.1.0/HikariCP-5.1.0.jar:/home/andrade/.m2/repository/org/springframework/spring-jdbc/6.2.5/spring-jdbc-6.2.5.jar:/home/andrade/.m2/repository/org/hibernate/orm/hibernate-core/6.6.11.Final/hibernate-core-6.6.11.Final.jar:/home/andrade/.m2/repository/jakarta/persistence/jakarta.persistence-api/3.1.0/jakarta.persistence-api-3.1.0.jar:/home/andrade/.m2/repository/jakarta/transaction/jakarta.transaction-api/2.0.1/jakarta.transaction-api-2.0.1.jar:/home/andrade/.m2/repository/org/jboss/logging/jboss-logging/3.6.1.Final/jboss-logging-3.6.1.Final.jar:/home/andrade/.m2/repository/org/hibernate/common/hibernate-commons-annotations/7.0.3.Final/hibernate-commons-annotations-7.0.3.Final.jar:/home/andrade/.m2/repository/io/smallrye/jandex/3.2.0/jandex-3.2.0.jar:/home/andrade/.m2/repository/com/fasterxml/classmate/1.7.0/classmate-1.7.0.jar:/home/andrade/.m2/repository/org/glassfish/jaxb/jaxb-runtime/4.0.5/jaxb-runtime-4.0.5.jar:/home/andrade/.m2/repository/org/glassfish/jaxb/jaxb-core/4.0.5/jaxb-core-4.0.5.jar:/home/andrade/.m2/repository/org/eclipse/angus/angus-activation/2.0.2/angus-activation-2.0.2.jar:/home/andrade/.m2/repository/org/glassfish/jaxb/txw2/4.0.5/txw2-4.0.5.jar:/home/andrade/.m2/repository/com/sun/istack/istack-commons-runtime/4.1.2/istack-commons-runtime-4.1.2.jar:/home/andrade/.m2/repository/jakarta/inject/jakarta.inject-api/2.0.1/jakarta.inject-api-2.0.1.jar:/home/andrade/.m2/repository/org/antlr/antlr4-runtime/4.13.0/antlr4-runtime-4.13.0.jar:/home/andrade/.m2/repository/org/springframework/data/spring-data-jpa/3.4.4/spring-data-jpa-3.4.4.jar:/home/andrade/.m2/repository/org/springframework/data/spring-data-commons/3.4.4/spring-data-commons-3.4.4.jar:/home/andrade/.m2/repository/org/springframework/spring-orm/6.2.5/spring-orm-6.2.5.jar:/home/andrade/.m2/repository/org/springframework/spring-tx/6.2.5/spring-tx-6.2.5.jar:/home/andrade/.m2/repository/org/springframework/spring-aspects/6.2.5/spring-aspects-6.2.5.jar:/home/andrade/.m2/repository/org/aspectj/aspectjweaver/1.9.23/aspectjweaver-1.9.23.jar:/home/andrade/.m2/repository/io/rest-assured/rest-assured/5.5.1/rest-assured-5.5.1.jar:/home/andrade/.m2/repository/org/apache/groovy/groovy/4.0.26/groovy-4.0.26.jar:/home/andrade/.m2/repository/org/apache/groovy/groovy-xml/4.0.26/groovy-xml-4.0.26.jar:/home/andrade/.m2/repository/org/apache/httpcomponents/httpclient/4.5.13/httpclient-4.5.13.jar:/home/andrade/.m2/repository/org/apache/httpcomponents/httpcore/4.4.16/httpcore-4.4.16.jar:/home/andrade/.m2/repository/commons-logging/commons-logging/1.2/commons-logging-1.2.jar:/home/andrade/.m2/repository/commons-codec/commons-codec/1.17.2/commons-codec-1.17.2.jar:/home/andrade/.m2/repository/org/apache/httpcomponents/httpmime/4.5.13/httpmime-4.5.13.jar:/home/andrade/.m2/repository/org/ccil/cowan/tagsoup/tagsoup/1.2.1/tagsoup-1.2.1.jar:/home/andrade/.m2/repository/io/rest-assured/json-path/5.5.1/json-path-5.5.1.jar:/home/andrade/.m2/repository/org/apache/groovy/groovy-json/4.0.26/groovy-json-4.0.26.jar:/home/andrade/.m2/repository/io/rest-assured/rest-assured-common/5.5.1/rest-assured-common-5.5.1.jar:/home/andrade/.m2/repository/io/rest-assured/xml-path/5.5.1/xml-path-5.5.1.jar:/home/andrade/.m2/repository/org/apache/commons/commons-lang3/3.17.0/commons-lang3-3.17.0.jar:/home/andrade/.m2/repository/com/h2database/h2/2.3.232/h2-2.3.232.jar:/home/andrade/.m2/repository/org/springframework/boot/spring-boot-starter-validation/3.4.4/spring-boot-starter-validation-3.4.4.jar:/home/andrade/.m2/repository/org/apache/tomcat/embed/tomcat-embed-el/10.1.39/tomcat-embed-el-10.1.39.jar:/home/andrade/.m2/repository/org/hibernate/validator/hibernate-validator/8.0.2.Final/hibernate-validator-8.0.2.Final.jar:/home/andrade/.m2/repository/jakarta/validation/jakarta.validation-api/3.0.2/jakarta.validation-api-3.0.2.jar:/home/andrade/.m2/repository/org/springframework/boot/spring-boot-starter-security/3.4.4/spring-boot-starter-security-3.4.4.jar:/home/andrade/.m2/repository/org/springframework/spring-aop/6.2.5/spring-aop-6.2.5.jar:/home/andrade/.m2/repository/org/springframework/security/spring-security-config/6.4.4/spring-security-config-6.4.4.jar:/home/andrade/.m2/repository/org/springframework/security/spring-security-web/6.4.4/spring-security-web-6.4.4.jar:/home/andrade/.m2/repository/org/springframework/security/spring-security-test/6.4.4/spring-security-test-6.4.4.jar:/home/andrade/.m2/repository/org/springframework/security/spring-security-core/6.4.4/spring-security-core-6.4.4.jar:/home/andrade/.m2/repository/org/springframework/security/spring-security-crypto/6.4.4/spring-security-crypto-6.4.4.jar:/home/andrade/.m2/repository/org/springframework/security/spring-security-oauth2-authorization-server/1.4.2/spring-security-oauth2-authorization-server-1.4.2.jar:/home/andrade/.m2/repository/org/springframework/security/spring-security-oauth2-core/6.4.4/spring-security-oauth2-core-6.4.4.jar:/home/andrade/.m2/repository/org/springframework/security/spring-security-oauth2-jose/6.4.4/spring-security-oauth2-jose-6.4.4.jar:/home/andrade/.m2/repository/org/springframework/security/spring-security-oauth2-resource-server/6.4.4/spring-security-oauth2-resource-server-6.4.4.jar:/home/andrade/.m2/repository/com/nimbusds/nimbus-jose-jwt/9.47/nimbus-jose-jwt-9.47.jar:/home/andrade/.m2/repository/com/fasterxml/jackson/core/jackson-databind/2.18.3/jackson-databind-2.18.3.jar:/home/andrade/.m2/repository/com/fasterxml/jackson/core/jackson-annotations/2.18.3/jackson-annotations-2.18.3.jar:/home/andrade/.m2/repository/com/fasterxml/jackson/core/jackson-core/2.18.3/jackson-core-2.18.3.jar:/home/andrade/.m2/repository/org/springframework/boot/spring-boot-starter-oauth2-resource-server/3.4.4/spring-boot-starter-oauth2-resource-server-3.4.4.jar:/home/andrade/.m2/repository/org/projectlombok/lombok/1.18.42/lombok-1.18.42.jar:"/>
    <property name="java.vm.vendor" value="Microsoft"/>
    <property name="sun.arch.data.model" value="64"/>
    <property name="java.vendor.url" value="https://www.microsoft.com"/>
    <property name="user.timezone" value="America/Sao_Paulo"/>
    <property name="org.jboss.logging.provider" value="slf4j"/>
    <property name="os.name" value="Linux"/>
    <property name="java.vm.specification.version" value="21"/>
    <property name="user.country" value="US"/>
    <property name="sun.java.launcher" value="SUN_STANDARD"/>
    <property name="sun.boot.library.path" value="/home/andrade/.jdks/ms-21.0.8/lib"/>
    <property name="sun.java.command" value="/home/andrade/Desktop/desafio-dsmovie-jacoco/target/surefire/surefirebooter-20251016164653345_3.jar /home/andrade/Desktop/desafio-dsmovie-jacoco/target/surefire 2025-10-16T16-46-53_301-jvmRun1 surefire-20251016164653345_1tmp surefire_0-20251016164653345_2tmp"/>
    <property name="jdk.debug" value="release"/>
    <property name="surefire.test.class.path" value="/home/andrade/Desktop/desafio-dsmovie-jacoco/target/test-classes:/home/andrade/Desktop/desafio-dsmovie-jacoco/target/classes:/home/andrade/.m2/repository/org/springframework/boot/spring-boot-starter-web/3.4.4/spring-boot-starter-web-3.4.4.jar:/home/andrade/.m2/repository/org/springframework/boot/spring-boot-starter/3.4.4/spring-boot-starter-3.4.4.jar:/home/andrade/.m2/repository/org/springframework/boot/spring-boot/3.4.4/spring-boot-3.4.4.jar:/home/andrade/.m2/repository/org/springframework/boot/spring-boot-autoconfigure/3.4.4/spring-boot-autoconfigure-3.4.4.jar:/home/andrade/.m2/repository/org/springframework/boot/spring-boot-starter-logging/3.4.4/spring-boot-starter-logging-3.4.4.jar:/home/andrade/.m2/repository/ch/qos/logback/logback-classic/1.5.18/logback-classic-1.5.18.jar:/home/andrade/.m2/repository/ch/qos/logback/logback-core/1.5.18/logback-core-1.5.18.jar:/home/andrade/.m2/repository/org/apache/logging/log4j/log4j-to-slf4j/2.24.3/log4j-to-slf4j-2.24.3.jar:/home/andrade/.m2/repository/org/apache/logging/log4j/log4j-api/2.24.3/log4j-api-2.24.3.jar:/home/andrade/.m2/repository/org/slf4j/jul-to-slf4j/2.0.17/jul-to-slf4j-2.0.17.jar:/home/andrade/.m2/repository/jakarta/annotation/jakarta.annotation-api/2.1.1/jakarta.annotation-api-2.1.1.jar:/home/andrade/.m2/repository/org/yaml/snakeyaml/2.3/snakeyaml-2.3.jar:/home/andrade/.m2/repository/org/springframework/boot/spring-boot-starter-json/3.4.4/spring-boot-starter-json-3.4.4.jar:/home/andrade/.m2/repository/com/fasterxml/jackson/datatype/jackson-datatype-jdk8/2.18.3/jackson-datatype-jdk8-2.18.3.jar:/home/andrade/.m2/repository/com/fasterxml/jackson/datatype/jackson-datatype-jsr310/2.18.3/jackson-datatype-jsr310-2.18.3.jar:/home/andrade/.m2/repository/com/fasterxml/jackson/module/jackson-module-parameter-names/2.18.3/jackson-module-parameter-names-2.18.3.jar:/home/andrade/.m2/repository/org/springframework/boot/spring-boot-starter-tomcat/3.4.4/spring-boot-starter-tomcat-3.4.4.jar:/home/andrade/.m2/repository/org/apache/tomcat/embed/tomcat-embed-core/10.1.39/tomcat-embed-core-10.1.39.jar:/home/andrade/.m2/repository/org/apache/tomcat/embed/tomcat-embed-websocket/10.1.39/tomcat-embed-websocket-10.1.39.jar:/home/andrade/.m2/repository/org/springframework/spring-web/6.2.5/spring-web-6.2.5.jar:/home/andrade/.m2/repository/org/springframework/spring-beans/6.2.5/spring-beans-6.2.5.jar:/home/andrade/.m2/repository/io/micrometer/micrometer-observation/1.14.5/micrometer-observation-1.14.5.jar:/home/andrade/.m2/repository/io/micrometer/micrometer-commons/1.14.5/micrometer-commons-1.14.5.jar:/home/andrade/.m2/repository/org/springframework/spring-webmvc/6.2.5/spring-webmvc-6.2.5.jar:/home/andrade/.m2/repository/org/springframework/spring-context/6.2.5/spring-context-6.2.5.jar:/home/andrade/.m2/repository/org/springframework/spring-expression/6.2.5/spring-expression-6.2.5.jar:/home/andrade/.m2/repository/org/springframework/boot/spring-boot-starter-test/3.4.4/spring-boot-starter-test-3.4.4.jar:/home/andrade/.m2/repository/org/springframework/boot/spring-boot-test/3.4.4/spring-boot-test-3.4.4.jar:/home/andrade/.m2/repository/org/springframework/boot/spring-boot-test-autoconfigure/3.4.4/spring-boot-test-autoconfigure-3.4.4.jar:/home/andrade/.m2/repository/com/jayway/jsonpath/json-path/2.9.0/json-path-2.9.0.jar:/home/andrade/.m2/repository/org/slf4j/slf4j-api/2.0.17/slf4j-api-2.0.17.jar:/home/andrade/.m2/repository/jakarta/xml/bind/jakarta.xml.bind-api/4.0.2/jakarta.xml.bind-api-4.0.2.jar:/home/andrade/.m2/repository/jakarta/activation/jakarta.activation-api/2.1.3/jakarta.activation-api-2.1.3.jar:/home/andrade/.m2/repository/net/minidev/json-smart/2.5.2/json-smart-2.5.2.jar:/home/andrade/.m2/repository/net/minidev/accessors-smart/2.5.2/accessors-smart-2.5.2.jar:/home/andrade/.m2/repository/org/ow2/asm/asm/9.7.1/asm-9.7.1.jar:/home/andrade/.m2/repository/org/assertj/assertj-core/3.26.3/assertj-core-3.26.3.jar:/home/andrade/.m2/repository/net/bytebuddy/byte-buddy/1.15.11/byte-buddy-1.15.11.jar:/home/andrade/.m2/repository/org/awaitility/awaitility/4.2.2/awaitility-4.2.2.jar:/home/andrade/.m2/repository/org/hamcrest/hamcrest/2.2/hamcrest-2.2.jar:/home/andrade/.m2/repository/org/junit/jupiter/junit-jupiter/5.11.4/junit-jupiter-5.11.4.jar:/home/andrade/.m2/repository/org/junit/jupiter/junit-jupiter-api/5.11.4/junit-jupiter-api-5.11.4.jar:/home/andrade/.m2/repository/org/opentest4j/opentest4j/1.3.0/opentest4j-1.3.0.jar:/home/andrade/.m2/repository/org/junit/platform/junit-platform-commons/1.11.4/junit-platform-commons-1.11.4.jar:/home/andrade/.m2/repository/org/apiguardian/apiguardian-api/1.1.2/apiguardian-api-1.1.2.jar:/home/andrade/.m2/repository/org/junit/jupiter/junit-jupiter-params/5.11.4/junit-jupiter-params-5.11.4.jar:/home/andrade/.m2/repository/org/junit/jupiter/junit-jupiter-engine/5.11.4/junit-jupiter-engine-5.11.4.jar:/home/andrade/.m2/repository/org/junit/platform/junit-platform-engine/1.11.4/junit-platform-engine-1.11.4.jar:/home/andrade/.m2/repository/org/mockito/mockito-core/5.14.2/mockito-core-5.14.2.jar:/home/andrade/.m2/repository/net/bytebuddy/byte-buddy-agent/1.15.11/byte-buddy-agent-1.15.11.jar:/home/andrade/.m2/repository/org/objenesis/objenesis/3.3/objenesis-3.3.jar:/home/andrade/.m2/repository/org/mockito/mockito-junit-jupiter/5.14.2/mockito-junit-jupiter-5.14.2.jar:/home/andrade/.m2/repository/org/skyscreamer/jsonassert/1.5.3/jsonassert-1.5.3.jar:/home/andrade/.m2/repository/com/vaadin/external/google/android-json/0.0.20131108.vaadin1/android-json-0.0.20131108.vaadin1.jar:/home/andrade/.m2/repository/org/springframework/spring-core/6.2.5/spring-core-6.2.5.jar:/home/andrade/.m2/repository/org/springframework/spring-jcl/6.2.5/spring-jcl-6.2.5.jar:/home/andrade/.m2/repository/org/springframework/spring-test/6.2.5/spring-test-6.2.5.jar:/home/andrade/.m2/repository/org/xmlunit/xmlunit-core/2.10.0/xmlunit-core-2.10.0.jar:/home/andrade/.m2/repository/org/springframework/boot/spring-boot-starter-data-jpa/3.4.4/spring-boot-starter-data-jpa-3.4.4.jar:/home/andrade/.m2/repository/org/springframework/boot/spring-boot-starter-jdbc/3.4.4/spring-boot-starter-jdbc-3.4.4.jar:/home/andrade/.m2/repository/com/zaxxer/HikariCP/5.1.0/HikariCP-5.1.0.jar:/home/andrade/.m2/repository/org/springframework/spring-jdbc/6.2.5/spring-jdbc-6.2.5.jar:/home/andrade/.m2/repository/org/hibernate/orm/hibernate-core/6.6.11.Final/hibernate-core-6.6.11.Final.jar:/home/andrade/.m2/repository/jakarta/persistence/jakarta.persistence-api/3.1.0/jakarta.persistence-api-3.1.0.jar:/home/andrade/.m2/repository/jakarta/transaction/jakarta.transaction-api/2.0.1/jakarta.transaction-api-2.0.1.jar:/home/andrade/.m2/repository/org/jboss/logging/jboss-logging/3.6.1.Final/jboss-logging-3.6.1.Final.jar:/home/andrade/.m2/repository/org/hibernate/common/hibernate-commons-annotations/7.0.3.Final/hibernate-commons-annotations-7.0.3.Final.jar:/home/andrade/.m2/repository/io/smallrye/jandex/3.2.0/jandex-3.2.0.jar:/home/andrade/.m2/repository/com/fasterxml/classmate/1.7.0/classmate-1.7.0.jar:/home/andrade/.m2/repository/org/glassfish/jaxb/jaxb-runtime/4.0.5/jaxb-runtime-4.0.5.jar:/home/andrade/.m2/repository/org/glassfish/jaxb/jaxb-core/4.0.5/jaxb-core-4.0.5.jar:/home/andrade/.m2/repository/org/eclipse/angus/angus-activation/2.0.2/angus-activation-2.0.2.jar:/home/andrade/.m2/repository/org/glassfish/jaxb/txw2/4.0.5/txw2-4.0.5.jar:/home/andrade/.m2/repository/com/sun/istack/istack-commons-runtime/4.1.2/istack-commons-runtime-4.1.2.jar:/home/andrade/.m2/repository/jakarta/inject/jakarta.inject-api/2.0.1/jakarta.inject-api-2.0.1.jar:/home/andrade/.m2/repository/org/antlr/antlr4-runtime/4.13.0/antlr4-runtime-4.13.0.jar:/home/andrade/.m2/repository/org/springframework/data/spring-data-jpa/3.4.4/spring-data-jpa-3.4.4.jar:/home/andrade/.m2/repository/org/springframework/data/spring-data-commons/3.4.4/spring-data-commons-3.4.4.jar:/home/andrade/.m2/repository/org/springframework/spring-orm/6.2.5/spring-orm-6.2.5.jar:/home/andrade/.m2/repository/org/springframework/spring-tx/6.2.5/spring-tx-6.2.5.jar:/home/andrade/.m2/repository/org/springframework/spring-aspects/6.2.5/spring-aspects-6.2.5.jar:/home/andrade/.m2/repository/org/aspectj/aspectjweaver/1.9.23/aspectjweaver-1.9.23.jar:/home/andrade/.m2/repository/io/rest-assured/rest-assured/5.5.1/rest-assured-5.5.1.jar:/home/andrade/.m2/repository/org/apache/groovy/groovy/4.0.26/groovy-4.0.26.jar:/home/andrade/.m2/repository/org/apache/groovy/groovy-xml/4.0.26/groovy-xml-4.0.26.jar:/home/andrade/.m2/repository/org/apache/httpcomponents/httpclient/4.5.13/httpclient-4.5.13.jar:/home/andrade/.m2/repository/org/apache/httpcomponents/httpcore/4.4.16/httpcore-4.4.16.jar:/home/andrade/.m2/repository/commons-logging/commons-logging/1.2/commons-logging-1.2.jar:/home/andrade/.m2/repository/commons-codec/commons-codec/1.17.2/commons-codec-1.17.2.jar:/home/andrade/.m2/repository/org/apache/httpcomponents/httpmime/4.5.13/httpmime-4.5.13.jar:/home/andrade/.m2/repository/org/ccil/cowan/tagsoup/tagsoup/1.2.1/tagsoup-1.2.1.jar:/home/andrade/.m2/repository/io/rest-assured/json-path/5.5.1/json-path-5.5.1.jar:/home/andrade/.m2/repository/org/apache/groovy/groovy-json/4.0.26/groovy-json-4.0.26.jar:/home/andrade/.m2/repository/io/rest-assured/rest-assured-common/5.5.1/rest-assured-common-5.5.1.jar:/home/andrade/.m2/repository/io/rest-assured/xml-path/5.5.1/xml-path-5.5.1.jar:/home/andrade/.m2/repository/org/apache/commons/commons-lang3/3.17.0/commons-lang3-3.17.0.jar:/home/andrade/.m2/repository/com/h2database/h2/2.3.232/h2-2.3.232.jar:/home/andrade/.m2/repository/org/springframework/boot/spring-boot-starter-validation/3.4.4/spring-boot-starter-validation-3.4.4.jar:/home/andrade/.m2/repository/org/apache/tomcat/embed/tomcat-embed-el/10.1.39/tomcat-embed-el-10.1.39.jar:/home/andrade/.m2/repository/org/hibernate/validator/hibernate-validator/8.0.2.Final/hibernate-validator-8.0.2.Final.jar:/home/andrade/.m2/repository/jakarta/validation/jakarta.validation-api/3.0.2/jakarta.validation-api-3.0.2.jar:/home/andrade/.m2/repository/org/springframework/boot/spring-boot-starter-security/3.4.4/spring-boot-starter-security-3.4.4.jar:/home/andrade/.m2/repository/org/springframework/spring-aop/6.2.5/spring-aop-6.2.5.jar:/home/andrade/.m2/repository/org/springframework/security/spring-security-config/6.4.4/spring-security-config-6.4.4.jar:/home/andrade/.m2/repository/org/springframework/security/spring-security-web/6.4.4/spring-security-web-6.4.4.jar:/home/andrade/.m2/repository/org/springframework/security/spring-security-test/6.4.4/spring-security-test-6.4.4.jar:/home/andrade/.m2/repository/org/springframework/security/spring-security-core/6.4.4/spring-security-core-6.4.4.jar:/home/andrade/.m2/repository/org/springframework/security/spring-security-crypto/6.4.4/spring-security-crypto-6.4.4.jar:/home/andrade/.m2/repository/org/springframework/security/spring-security-oauth2-authorization-server/1.4.2/spring-security-oauth2-authorization-server-1.4.2.jar:/home/andrade/.m2/repository/org/springframework/security/spring-security-oauth2-core/6.4.4/spring-security-oauth2-core-6.4.4.jar:/home/andrade/.m2/repository/org/springframework/security/spring-security-oauth2-jose/6.4.4/spring-security-oauth2-jose-6.4.4.jar:/home/andrade/.m2/repository/org/springframework/security/spring-security-oauth2-resource-server/6.4.4/spring-security-oauth2-resource-server-6.4.4.jar:/home/andrade/.m2/repository/com/nimbusds/nimbus-jose-jwt/9.47/nimbus-jose-jwt-9.47.jar:/home/andrade/.m2/repository/com/fasterxml/jackson/core/jackson-databind/2.18.3/jackson-databind-2.18.3.jar:/home/andrade/.m2/repository/com/fasterxml/jackson/core/jackson-annotations/2.18.3/jackson-annotations-2.18.3.jar:/home/andrade/.m2/repository/com/fasterxml/jackson/core/jackson-core/2.18.3/jackson-core-2.18.3.jar:/home/andrade/.m2/repository/org/springframework/boot/spring-boot-starter-oauth2-resource-server/3.4.4/spring-boot-starter-oauth2-resource-server-3.4.4.jar:/home/andrade/.m2/repository/org/projectlombok/lombok/1.18.42/lombok-1.18.42.jar:"/>
    <property name="sun.cpu.endian" value="little"/>
    <property name="user.home" value="/home/andrade"/>
    <property name="user.language" value="en"/>
    <property name="java.specification.vendor" value="Oracle Corporation"/>
    <property name="java.version.date" value="2025-07-15"/>
    <property name="java.home" value="/home/andrade/.jdks/ms-21.0.8"/>
    <property name="file.separator" value="/"/>
    <property name="basedir" value="/home/andrade/Desktop/desafio-dsmovie-jacoco"/>
    <property name="style.color" value="always"/>
    <property name="java.vm.compressedOopsMode" value="32-bit"/>
    <property name="line.separator" value="&#10;"/>
    <property name="java.vm.specification.vendor" value="Oracle Corporation"/>
    <property name="java.specification.name" value="Java Platform API Specification"/>
    <property name="FILE_LOG_CHARSET" value="UTF-8"/>
    <property name="java.awt.headless" value="true"/>
    <property name="surefire.real.class.path" value="/home/andrade/Desktop/desafio-dsmovie-jacoco/target/surefire/surefirebooter-20251016164653345_3.jar"/>
    <property name="sun.management.compiler" value="HotSpot 64-Bit Tiered Compilers"/>
    <property name="java.runtime.version" value="21.0.8+9-LTS"/>
    <property name="user.name" value="andrade"/>
    <property name="stdout.encoding" value="UTF-8"/>
    <property name="path.separator" value=":"/>
    <property name="os.version" value="6.14.0-33-generic"/>
    <property name="java.runtime.name" value="OpenJDK Runtime Environment"/>
    <property name="file.encoding" value="UTF-8"/>
    <property name="java.vm.name" value="OpenJDK 64-Bit Server VM"/>
    <property name="java.vendor.version" value="Microsoft-11933203"/>
    <property name="maven.ext.class.path" value="/home/andrade/.local/share/JetBrains/Toolbox/apps/intellij-idea-ultimate/plugins/maven/lib/maven-event-listener.jar"/>
    <property name="localRepository" value="/home/andrade/.m2/repository"/>
    <property name="java.vendor.url.bug" value="https://github.com/microsoft/openjdk/issues"/>
    <property name="java.io.tmpdir" value="/tmp"/>
    <property name="idea.version" value="2025.2.3"/>
    <property name="com.zaxxer.hikari.pool_number" value="1"/>
    <property name="java.version" value="21.0.8"/>
    <property name="user.dir" value="/home/andrade/Desktop/desafio-dsmovie-jacoco"/>
    <property name="os.arch" value="amd64"/>
    <property name="jansi.passthrough" value="true"/>
    <property name="java.vm.specification.name" value="Java Virtual Machine Specification"/>
    <property name="PID" value="30104"/>
    <property name="CONSOLE_LOG_CHARSET" value="UTF-8"/>
    <property name="native.encoding" value="UTF-8"/>
    <property name="java.library.path" value="/usr/java/packages/lib:/usr/lib64:/lib64:/lib:/usr/lib"/>
    <property name="java.vm.info" value="mixed mode, sharing"/>
    <property name="stderr.encoding" value="UTF-8"/>
    <property name="java.vendor" value="Microsoft"/>
    <property name="java.vm.version" value="21.0.8+9-LTS"/>
    <property name="sun.io.unicode.encoding" value="UnicodeLittle"/>
    <property name="maven.repo.local" value="/home/andrade/.m2/repository"/>
    <property name="java.class.version" value="65.0"/>
  </properties>
  <testcase name="contextLoads" classname="com.devsuperior.dsmovie.DsmovieApplicationTests" time="0.347">
    <system-out><![CDATA[16:46:54.021 [main] INFO org.springframework.test.context.support.AnnotationConfigContextLoaderUtils -- Could not detect default configuration classes for test class [com.devsuperior.dsmovie.DsmovieApplicationTests]: DsmovieApplicationTests does not declare any static, non-private, non-final, nested classes annotated with @Configuration.
16:46:54.130 [main] INFO org.springframework.boot.test.context.SpringBootTestContextBootstrapper -- Found @SpringBootConfiguration com.devsuperior.dsmovie.DsmovieApplication for test class com.devsuperior.dsmovie.DsmovieApplicationTests

  .   ____          _            __ _ _
 /\\ / ___'_ __ _ _(_)_ __  __ _ \ \ \ \
( ( )\___ | '_ | '_| | '_ \/ _` | \ \ \ \
 \\/  ___)| |_)| | | | | || (_| |  ) ) ) )
  '  |____| .__|_| |_|_| |_\__, | / / / /
 =========|_|==============|___/=/_/_/_/

 :: Spring Boot ::                (v3.4.4)

2025-10-16T16:46:54.524-03:00  INFO 30104 --- [           main] c.d.dsmovie.DsmovieApplicationTests      : Starting DsmovieApplicationTests using Java 21.0.8 with PID 30104 (started by andrade in /home/andrade/Desktop/desafio-dsmovie-jacoco)
2025-10-16T16:46:54.525-03:00  INFO 30104 --- [           main] c.d.dsmovie.DsmovieApplicationTests      : The following 1 profile is active: "test"
2025-10-16T16:46:55.302-03:00  INFO 30104 --- [           main] .s.d.r.c.RepositoryConfigurationDelegate : Bootstrapping Spring Data JPA repositories in DEFAULT mode.
2025-10-16T16:46:55.350-03:00  INFO 30104 --- [           main] .s.d.r.c.RepositoryConfigurationDelegate : Finished Spring Data repository scanning in 40 ms. Found 3 JPA repository interfaces.
2025-10-16T16:46:55.823-03:00  INFO 30104 --- [           main] com.zaxxer.hikari.HikariDataSource       : HikariPool-1 - Starting...
2025-10-16T16:46:56.052-03:00  INFO 30104 --- [           main] com.zaxxer.hikari.pool.HikariPool        : HikariPool-1 - Added connection conn0: url=jdbc:h2:mem:testdb user=SA
2025-10-16T16:46:56.054-03:00  INFO 30104 --- [           main] com.zaxxer.hikari.HikariDataSource       : HikariPool-1 - Start completed.
2025-10-16T16:46:56.093-03:00  INFO 30104 --- [           main] o.hibernate.jpa.internal.util.LogHelper  : HHH000204: Processing PersistenceUnitInfo [name: default]
2025-10-16T16:46:56.137-03:00  INFO 30104 --- [           main] org.hibernate.Version                    : HHH000412: Hibernate ORM core version 6.6.11.Final
2025-10-16T16:46:56.167-03:00  INFO 30104 --- [           main] o.h.c.internal.RegionFactoryInitiator    : HHH000026: Second-level cache disabled
2025-10-16T16:46:56.409-03:00  INFO 30104 --- [           main] o.s.o.j.p.SpringPersistenceUnitInfo      : No LoadTimeWeaver setup: ignoring JPA class transformer
2025-10-16T16:46:56.487-03:00  INFO 30104 --- [           main] org.hibernate.orm.connections.pooling    : HHH10001005: Database info:
	Database JDBC URL [Connecting through datasource 'HikariDataSource (HikariPool-1)']
	Database driver: undefined/unknown
	Database version: 2.3.232
	Autocommit mode: undefined/unknown
	Isolation level: undefined/unknown
	Minimum pool size: undefined/unknown
	Maximum pool size: undefined/unknown
2025-10-16T16:46:57.341-03:00  INFO 30104 --- [           main] o.h.e.t.j.p.i.JtaPlatformInitiator       : HHH000489: No JTA platform available (set 'hibernate.transaction.jta.platform' to enable JTA platform integration)
Hibernate: 
    drop table if exists tb_movie cascade 
Hibernate: 
    drop table if exists tb_role cascade 
Hibernate: 
    drop table if exists tb_score cascade 
Hibernate: 
    drop table if exists tb_user cascade 
Hibernate: 
    drop table if exists tb_user_role cascade 
Hibernate: 
    create table tb_movie (
        count integer,
        score float(53),
        id bigint generated by default as identity,
        image varchar(255),
        title varchar(255),
        primary key (id)
    )
Hibernate: 
    create table tb_role (
        id bigint generated by default as identity,
        authority varchar(255) unique,
        primary key (id)
    )
Hibernate: 
    create table tb_score (
        score_value float(53),
        movie_id bigint not null,
        user_id bigint not null,
        primary key (movie_id, user_id)
    )
Hibernate: 
    create table tb_user (
        id bigint generated by default as identity,
        name varchar(255),
        password varchar(255),
        username varchar(255) unique,
        primary key (id)
    )
Hibernate: 
    create table tb_user_role (
        role_id bigint not null,
        user_id bigint not null,
        primary key (role_id, user_id)
    )
Hibernate: 
    alter table if exists tb_score 
       add constraint FK23yhb6qop0f6hnb72hcorm3cv 
       foreign key (movie_id) 
       references tb_movie
Hibernate: 
    alter table if exists tb_score 
       add constraint FKl8lgmbrjoav0thqqtqx6vrr4k 
       foreign key (user_id) 
       references tb_user
Hibernate: 
    alter table if exists tb_user_role 
       add constraint FKea2ootw6b6bb0xt3ptl28bymv 
       foreign key (role_id) 
       references tb_role
Hibernate: 
    alter table if exists tb_user_role 
       add constraint FK7vn3h53d0tqdimm8cp45gc0kl 
       foreign key (user_id) 
       references tb_user
Hibernate: INSERT INTO tb_user (name, username, password) VALUES ('Alex', 'alex@gmail.com', '$2a$10$eACCYoNOHEqXve8aIWT8Nu3PkMXWBaOxJ9aORUYzfMQCbVBIhZ8tG')
Hibernate: INSERT INTO tb_user (name, username, password) VALUES ('Maria', 'maria@gmail.com', '$2a$10$eACCYoNOHEqXve8aIWT8Nu3PkMXWBaOxJ9aORUYzfMQCbVBIhZ8tG')
Hibernate: INSERT INTO tb_user (name, username, password) VALUES ('Joao', 'joao@gmail.com', '$2a$10$eACCYoNOHEqXve8aIWT8Nu3PkMXWBaOxJ9aORUYzfMQCbVBIhZ8tG')
Hibernate: INSERT INTO tb_user (name, username, password) VALUES ('Ana', 'ana@gmail.com', '$2a$10$eACCYoNOHEqXve8aIWT8Nu3PkMXWBaOxJ9aORUYzfMQCbVBIhZ8tG')
Hibernate: INSERT INTO tb_user (name, username, password) VALUES ('Lucia', 'lucia@gmail.com', '$2a$10$eACCYoNOHEqXve8aIWT8Nu3PkMXWBaOxJ9aORUYzfMQCbVBIhZ8tG')
Hibernate: INSERT INTO tb_user (name, username, password) VALUES ('Joaquim', 'joaquim@gmail.com', '$2a$10$eACCYoNOHEqXve8aIWT8Nu3PkMXWBaOxJ9aORUYzfMQCbVBIhZ8tG')
Hibernate: INSERT INTO tb_role (authority) VALUES ('ROLE_CLIENT')
Hibernate: INSERT INTO tb_role (authority) VALUES ('ROLE_ADMIN')
Hibernate: INSERT INTO tb_user_role (user_id, role_id) VALUES (1, 1)
Hibernate: INSERT INTO tb_user_role (user_id, role_id) VALUES (2, 1)
Hibernate: INSERT INTO tb_user_role (user_id, role_id) VALUES (2, 2)
Hibernate: INSERT INTO tb_user_role (user_id, role_id) VALUES (3, 1)
Hibernate: INSERT INTO tb_user_role (user_id, role_id) VALUES (4, 1)
Hibernate: INSERT INTO tb_user_role (user_id, role_id) VALUES (5, 1)
Hibernate: INSERT INTO tb_user_role (user_id, role_id) VALUES (6, 1)
Hibernate: INSERT INTO tb_movie(score, count, title, image) VALUES (4.5, 2, 'The Witcher', 'https://www.themoviedb.org/t/p/w533_and_h300_bestv2/jBJWaqoSCiARWtfV0GlqHrcdidd.jpg')
Hibernate: INSERT INTO tb_movie(score, count, title, image) VALUES (3.3, 3, 'Venom: Tempo de Carnificina', 'https://www.themoviedb.org/t/p/w533_and_h300_bestv2/vIgyYkXkg6NC2whRbYjBD7eb3Er.jpg')
Hibernate: INSERT INTO tb_movie(score, count, title, image) VALUES (0, 0, 'O Espetacular Homem-Aranha 2: A Ameaça de Electro', 'https://www.themoviedb.org/t/p/w533_and_h300_bestv2/u7SeO6Y42P7VCTWLhpnL96cyOqd.jpg')
Hibernate: INSERT INTO tb_movie(score, count, title, image) VALUES (0, 0, 'Matrix Resurrections', 'https://www.themoviedb.org/t/p/w533_and_h300_bestv2/hv7o3VgfsairBoQFAawgaQ4cR1m.jpg')
Hibernate: INSERT INTO tb_movie(score, count, title, image) VALUES (0, 0, 'Shang-Chi e a Lenda dos Dez Anéis', 'https://www.themoviedb.org/t/p/w533_and_h300_bestv2/cinER0ESG0eJ49kXlExM0MEWGxW.jpg')
Hibernate: INSERT INTO tb_movie(score, count, title, image) VALUES (0, 0, 'Django Livre', 'https://www.themoviedb.org/t/p/w533_and_h300_bestv2/2oZklIzUbvZXXzIFzv7Hi68d6xf.jpg')
Hibernate: INSERT INTO tb_movie(score, count, title, image) VALUES (0, 0, 'Titanic', 'https://www.themoviedb.org/t/p/w533_and_h300_bestv2/yDI6D5ZQh67YU4r2ms8qcSbAviZ.jpg')
Hibernate: INSERT INTO tb_movie(score, count, title, image) VALUES (0, 0, 'O Lobo de Wall Street', 'https://www.themoviedb.org/t/p/w533_and_h300_bestv2/cWUOv3H7YFwvKeaQhoAQTLLpo9Z.jpg')
Hibernate: INSERT INTO tb_movie(score, count, title, image) VALUES (0, 0, 'Aves de Rapina: Arlequina e sua Emancipação Fantabulosa', 'https://www.themoviedb.org/t/p/w533_and_h300_bestv2/jiqD14fg7UTZOT6qgvzTmfRYpWI.jpg')
Hibernate: INSERT INTO tb_movie(score, count, title, image) VALUES (0, 0, 'Rogue One: Uma História Star Wars', 'https://www.themoviedb.org/t/p/w533_and_h300_bestv2/6t8ES1d12OzWyCGxBeDYLHoaDrT.jpg')
Hibernate: INSERT INTO tb_movie(score, count, title, image) VALUES (0, 0, 'Star Wars: A Guerra dos Clones', 'https://www.themoviedb.org/t/p/w533_and_h300_bestv2/uK15I3sGd8AudO9z6J6vi0HH1UU.jpg')
Hibernate: INSERT INTO tb_movie(score, count, title, image) VALUES (0, 0, 'Star Wars: Episódio I - A Ameaça Fantasma', 'https://www.themoviedb.org/t/p/w533_and_h300_bestv2/36LnijfQCOC89rCMOhn2OINXROI.jpg')
Hibernate: INSERT INTO tb_movie(score, count, title, image) VALUES (0, 0, 'Vingadores: Ultimato', 'https://www.themoviedb.org/t/p/w533_and_h300_bestv2/7RyHsO4yDXtBv1zUU3mTpHeQ0d5.jpg')
Hibernate: INSERT INTO tb_movie(score, count, title, image) VALUES (0, 0, 'Thor', 'https://www.themoviedb.org/t/p/w533_and_h300_bestv2/cDJ61O1STtbWNBwefuqVrRe3d7l.jpg')
Hibernate: INSERT INTO tb_movie(score, count, title, image) VALUES (0, 0, 'Cisne Negro', 'https://www.themoviedb.org/t/p/w533_and_h300_bestv2/hqh5O4KssfJWI62HGAgrjHXbxhD.jpg')
Hibernate: INSERT INTO tb_movie(score, count, title, image) VALUES (0, 0, 'O Silêncio dos Inocentes', 'https://www.themoviedb.org/t/p/w533_and_h300_bestv2/mfwq2nMBzArzQ7Y9RKE8SKeeTkg.jpg')
Hibernate: INSERT INTO tb_movie(score, count, title, image) VALUES (0, 0, 'Clube da Luta', 'https://www.themoviedb.org/t/p/w533_and_h300_bestv2/hZkgoQYus5vegHoetLkCJzb17zJ.jpg')
Hibernate: INSERT INTO tb_movie(score, count, title, image) VALUES (0, 0, 'Guerra Mundial Z', 'https://www.themoviedb.org/t/p/w533_and_h300_bestv2/31VpBgUX5O4Z3dn5ZbX8HLqoXH3.jpg')
Hibernate: INSERT INTO tb_movie(score, count, title, image) VALUES (0, 0, 'Harry Potter e as Relíquias da Morte - Parte 1', 'https://www.themoviedb.org/t/p/w533_and_h300_bestv2/vcrgU0KaNj5mKUCIQSUdiQwTE9y.jpg')
Hibernate: INSERT INTO tb_movie(score, count, title, image) VALUES (0, 0, 'Harry Potter e a Pedra Filosofal', 'https://www.themoviedb.org/t/p/w533_and_h300_bestv2/lvOLivVeX3DVVcwfVkxKf0R22D8.jpg')
Hibernate: INSERT INTO tb_movie(score, count, title, image) VALUES (0, 0, 'Alice no País das Maravilhas', 'https://www.themoviedb.org/t/p/w533_and_h300_bestv2/qNdlZgz9yoSJ8f0YxQWfKGPoVV.jpg')
Hibernate: INSERT INTO tb_movie(score, count, title, image) VALUES (0, 0, 'Animais Fantásticos e Onde Habitam', 'https://www.themoviedb.org/t/p/w533_and_h300_bestv2/8Qsr8pvDL3s1jNZQ4HK1d1Xlvnh.jpg')
Hibernate: INSERT INTO tb_movie(score, count, title, image) VALUES (0, 0, 'A Teoria de Tudo', 'https://www.themoviedb.org/t/p/w533_and_h300_bestv2/kq2MHrRfH6RTfkvyDEmYLmGHE6U.jpg')
Hibernate: INSERT INTO tb_movie(score, count, title, image) VALUES (0, 0, 'O Livro de Boba Fett', 'https://www.themoviedb.org/t/p/w533_and_h300_bestv2/sjx6zjQI2dLGtEL0HGWsnq6UyLU.jpg')
Hibernate: INSERT INTO tb_movie(score, count, title, image) VALUES (0, 0, 'O Último Duelo', 'https://www.themoviedb.org/t/p/w533_and_h300_bestv2/4LrL40XecjGLRpX5I2gzMTUt04l.jpg')
Hibernate: INSERT INTO tb_movie(score, count, title, image) VALUES (0, 0, 'Interestelar', 'https://www.themoviedb.org/t/p/w533_and_h300_bestv2/rAiYTfKGqDCRIIqo664sY9XZIvQ.jpg')
Hibernate: INSERT INTO tb_movie(score, count, title, image) VALUES (0, 0, 'Contato', 'https://www.themoviedb.org/t/p/w533_and_h300_bestv2/yFkUPqBuUnbhYbQL8VFpTrAT9za.jpg')
Hibernate: INSERT INTO tb_movie(score, count, title, image) VALUES (0, 0, 'Duna', 'https://www.themoviedb.org/t/p/w533_and_h300_bestv2/jYEW5xZkZk2WTrdbMGAPFuBqbDc.jpg')
Hibernate: INSERT INTO tb_movie(score, count, title, image) VALUES (0, 0, 'Aquaman', 'https://www.themoviedb.org/t/p/w533_and_h300_bestv2/2cUsDz4TzFYHrKktT1bKHHQ7Cgm.jpg')
Hibernate: INSERT INTO tb_score(movie_id, user_id, score_value) VALUES (1, 3, 5.0)
Hibernate: INSERT INTO tb_score(movie_id, user_id, score_value) VALUES (1, 4, 4.0)
Hibernate: INSERT INTO tb_score(movie_id, user_id, score_value) VALUES (2, 3, 3.0)
Hibernate: INSERT INTO tb_score(movie_id, user_id, score_value) VALUES (2, 4, 3.0)
Hibernate: INSERT INTO tb_score(movie_id, user_id, score_value) VALUES (2, 5, 4.0)
2025-10-16T16:46:57.408-03:00  INFO 30104 --- [           main] j.LocalContainerEntityManagerFactoryBean : Initialized JPA EntityManagerFactory for persistence unit 'default'
2025-10-16T16:46:57.628-03:00  INFO 30104 --- [           main] o.s.d.j.r.query.QueryEnhancerFactory     : Hibernate is in classpath; If applicable, HQL parser will be used.
2025-10-16T16:46:58.475-03:00  INFO 30104 --- [           main] r$InitializeUserDetailsManagerConfigurer : Global AuthenticationManager configured with UserDetailsService bean with name userService
2025-10-16T16:46:59.112-03:00  INFO 30104 --- [           main] o.s.b.a.h2.H2ConsoleAutoConfiguration    : H2 console available at '/h2-console'. Database available at 'jdbc:h2:mem:testdb'
2025-10-16T16:46:59.159-03:00  INFO 30104 --- [           main] c.d.dsmovie.DsmovieApplicationTests      : Started DsmovieApplicationTests in 4.894 seconds (process running for 5.777)
]]></system-out>
    <system-err><![CDATA[Mockito is currently self-attaching to enable the inline-mock-maker. This will no longer work in future releases of the JDK. Please add Mockito as an agent to your build what is described in Mockito's documentation: https://javadoc.io/doc/org.mockito/mockito-core/latest/org/mockito/Mockito.html#0.3
WARNING: A Java agent has been loaded dynamically (/home/andrade/.m2/repository/net/bytebuddy/byte-buddy-agent/1.15.11/byte-buddy-agent-1.15.11.jar)
WARNING: If a serviceability tool is in use, please run with -XX:+EnableDynamicAgentLoading to hide this warning
WARNING: If a serviceability tool is not in use, please run with -Djdk.instrument.traceUsage for more information
WARNING: Dynamic loading of agents will be disallowed by default in a future release
]]></system-err>
  </testcase>
</testsuite>